[jobs] background workers started
[22:21:31] [32mINFO[39m (12028): [36mServer listening[39m
    [35mport[39m: 8080
[22:21:44] [32mINFO[39m (12028): [36mrequest completed[39m
    [35mreq[39m: {
      "id": 1,
      "method": "GET",
      "url": "/api/healthz"
    }
    [35mres[39m: {
      "statusCode": 200
    }
    [35mresponseTime[39m: 5
[22:21:47] [32mINFO[39m (12028): [36mrequest completed[39m
    [35mreq[39m: {
      "id": 2,
      "method": "GET",
      "url": "/api/orders/ORD-MOK9QTMA"
    }
    [35mres[39m: {
      "statusCode": 200
    }
    [35mresponseTime[39m: 4
[22:21:55] [32mINFO[39m (12028): [36mrequest completed[39m
    [35mreq[39m: {
      "id": 3,
      "method": "GET",
      "url": "/api/orders/4e3a09b8-c08b-4095-8a09-214eef3ae9f9"
    }
    [35mres[39m: {
      "statusCode": 304
    }
    [35mresponseTime[39m: 13
[22:21:59] [32mINFO[39m (12028): [36mrequest completed[39m
    [35mreq[39m: {
      "id": 4,
      "method": "GET",
      "url": "/api/orders/4e3a09b8-c08b-4095-8a09-214eef3ae9f9"
    }
    [35mres[39m: {
      "statusCode": 200
    }
    [35mresponseTime[39m: 5
[22:21:59] [32mINFO[39m (12028): [36mrequest completed[39m
    [35mreq[39m: {
      "id": 5,
      "method": "GET",
      "url": "/api/auth/me"
    }
    [35mres[39m: {
      "statusCode": 200
    }
    [35mresponseTime[39m: 14
[22:22:01] [32mINFO[39m (12028): [36mrequest completed[39m
    [35mreq[39m: {
      "id": 6,
      "method": "GET",
      "url": "/api/orders/4e3a09b8-c08b-4095-8a09-214eef3ae9f9"
    }
    [35mres[39m: {
      "statusCode": 304
    }
    [35mresponseTime[39m: 2
[22:22:04] [32mINFO[39m (12028): [36mrequest completed[39m
    [35mreq[39m: {
      "id": 7,
      "method": "GET",
      "url": "/api/orders/4e3a09b8-c08b-4095-8a09-214eef3ae9f9"
    }
    [35mres[39m: {
      "statusCode": 304
    }
    [35mresponseTime[39m: 6
[22:22:05] [32mINFO[39m (12028): [36mrequest completed[39m
    [35mreq[39m: {
      "id": 8,
      "method": "GET",
      "url": "/api/orders"
    }
    [35mres[39m: {
      "statusCode": 304
    }
    [35mresponseTime[39m: 11
[22:22:10] [32mINFO[39m (12028): [36mrequest completed[39m
    [35mreq[39m: {
      "id": 9,
      "method": "GET",
      "url": "/api/auth/me"
    }
    [35mres[39m: {
      "statusCode": 200
    }
    [35mresponseTime[39m: 2
[22:22:10] [32mINFO[39m (12028): [36mrequest completed[39m
    [35mreq[39m: {
      "id": 10,
      "method": "GET",
      "url": "/api/orders"
    }
    [35mres[39m: {
      "statusCode": 304
    }
    [35mresponseTime[39m: 3
[22:22:21] [32mINFO[39m (12028): [36mrequest completed[39m
    [35mreq[39m: {
      "id": 11,
      "method": "POST",
      "url": "/api/orders"
    }
    [35mres[39m: {
      "statusCode": 201
    }
    [35mresponseTime[39m: 1102
[22:22:21] [32mINFO[39m (12028): [36mrequest completed[39m
    [35mreq[39m: {
      "id": 12,
      "method": "GET",
      "url": "/api/orders"
    }
    [35mres[39m: {
      "statusCode": 200
    }
    [35mresponseTime[39m: 5
[22:22:24] [32mINFO[39m (12028): [36mrequest completed[39m
    [35mreq[39m: {
      "id": 13,
      "method": "GET",
      "url": "/api/orders/2d00efa2-e3f9-4667-a9d8-e8f819a500b0"
    }
    [35mres[39m: {
      "statusCode": 200
    }
    [35mresponseTime[39m: 3
[22:22:27] [32mINFO[39m (12028): [36mrequest completed[39m
    [35mreq[39m: {
      "id": 14,
      "method": "GET",
      "url": "/api/orders/2d00efa2-e3f9-4667-a9d8-e8f819a500b0"
    }
    [35mres[39m: {
      "statusCode": 304
    }
    [35mresponseTime[39m: 3
[22:22:29] [32mINFO[39m (12028): [36mrequest completed[39m
    [35mreq[39m: {
      "id": 15,
      "method": "GET",
      "url": "/api/orders/2d00efa2-e3f9-4667-a9d8-e8f819a500b0"
    }
    [35mres[39m: {
      "statusCode": 304
    }
    [35mresponseTime[39m: 1
[22:22:32] [32mINFO[39m (12028): [36mrequest completed[39m
    [35mreq[39m: {
      "id": 16,
      "method": "GET",
      "url": "/api/orders/2d00efa2-e3f9-4667-a9d8-e8f819a500b0"
    }
    [35mres[39m: {
      "statusCode": 304
    }
    [35mresponseTime[39m: 2
[22:22:35] [32mINFO[39m (12028): [36mrequest completed[39m
    [35mreq[39m: {
      "id": 17,
      "method": "GET",
      "url": "/api/orders/2d00efa2-e3f9-4667-a9d8-e8f819a500b0"
    }
    [35mres[39m: {
      "statusCode": 304
    }
    [35mresponseTime[39m: 1
[22:22:38] [32mINFO[39m (12028): [36mrequest completed[39m
    [35mreq[39m: {
      "id": 18,
      "method": "GET",
      "url": "/api/orders/2d00efa2-e3f9-4667-a9d8-e8f819a500b0"
    }
    [35mres[39m: {
      "statusCode": 304
    }
    [35mresponseTime[39m: 2
[22:22:40] [32mINFO[39m (12028): [36mrequest completed[39m
    [35mreq[39m: {
      "id": 19,
      "method": "GET",
      "url": "/api/orders/2d00efa2-e3f9-4667-a9d8-e8f819a500b0"
    }
    [35mres[39m: {
      "statusCode": 304
    }
    [35mresponseTime[39m: 2
[22:22:43] [32mINFO[39m (12028): [36mrequest completed[39m
    [35mreq[39m: {
      "id": 20,
      "method": "GET",
      "url": "/api/orders/2d00efa2-e3f9-4667-a9d8-e8f819a500b0"
    }
    [35mres[39m: {
      "statusCode": 304
    }
    [35mresponseTime[39m: 3
[22:22:45] [32mINFO[39m (12028): [36mrequest completed[39m
    [35mreq[39m: {
      "id": 21,
      "method": "GET",
      "url": "/api/orders/2d00efa2-e3f9-4667-a9d8-e8f819a500b0"
    }
    [35mres[39m: {
      "statusCode": 304
    }
    [35mresponseTime[39m: 3
[22:22:48] [32mINFO[39m (12028): [36mrequest completed[39m
    [35mreq[39m: {
      "id": 22,
      "method": "GET",
      "url": "/api/orders/2d00efa2-e3f9-4667-a9d8-e8f819a500b0"
    }
    [35mres[39m: {
      "statusCode": 304
    }
    [35mresponseTime[39m: 3
[22:22:51] [32mINFO[39m (12028): [36mrequest completed[39m
    [35mreq[39m: {
      "id": 23,
      "method": "GET",
      "url": "/api/orders/2d00efa2-e3f9-4667-a9d8-e8f819a500b0"
    }
    [35mres[39m: {
      "statusCode": 304
    }
    [35mresponseTime[39m: 3
[22:22:54] [32mINFO[39m (12028): [36mrequest completed[39m
    [35mreq[39m: {
      "id": 24,
      "method": "GET",
      "url": "/api/orders/2d00efa2-e3f9-4667-a9d8-e8f819a500b0"
    }
    [35mres[39m: {
      "statusCode": 304
    }
    [35mresponseTime[39m: 2
[22:22:56] [32mINFO[39m (12028): [36mrequest completed[39m
    [35mreq[39m: {
      "id": 25,
      "method": "GET",
      "url": "/api/orders/2d00efa2-e3f9-4667-a9d8-e8f819a500b0"
    }
    [35mres[39m: {
      "statusCode": 304
    }
    [35mresponseTime[39m: 3
[22:22:59] [32mINFO[39m (12028): [36mrequest completed[39m
    [35mreq[39m: {
      "id": 26,
      "method": "GET",
      "url": "/api/orders/2d00efa2-e3f9-4667-a9d8-e8f819a500b0"
    }
    [35mres[39m: {
      "statusCode": 304
    }
    [35mresponseTime[39m: 2
[22:23:01] [32mINFO[39m (12028): [36mrequest completed[39m
    [35mreq[39m: {
      "id": 27,
      "method": "GET",
      "url": "/api/orders/2d00efa2-e3f9-4667-a9d8-e8f819a500b0"
    }
    [35mres[39m: {
      "statusCode": 304
    }
    [35mresponseTime[39m: 2
[22:23:04] [32mINFO[39m (12028): [36mrequest completed[39m
    [35mreq[39m: {
      "id": 28,
      "method": "GET",
      "url": "/api/orders/2d00efa2-e3f9-4667-a9d8-e8f819a500b0"
    }
    [35mres[39m: {
      "statusCode": 304
    }
    [35mresponseTime[39m: 2
[22:23:12] [32mINFO[39m (12028): [36mrequest completed[39m
    [35mreq[39m: {
      "id": 29,
      "method": "GET",
      "url": "/api/orders/2d00efa2-e3f9-4667-a9d8-e8f819a500b0"
    }
    [35mres[39m: {
      "statusCode": 304
    }
    [35mresponseTime[39m: 2
[22:23:15] [32mINFO[39m (12028): [36mrequest completed[39m
    [35mreq[39m: {
      "id": 30,
      "method": "GET",
      "url": "/api/orders/2d00efa2-e3f9-4667-a9d8-e8f819a500b0"
    }
    [35mres[39m: {
      "statusCode": 304
    }
    [35mresponseTime[39m: 3
[22:23:15] [32mINFO[39m (12028): [36mrequest completed[39m
    [35mreq[39m: {
      "id": 31,
      "method": "GET",
      "url": "/api/orders"
    }
    [35mres[39m: {
      "statusCode": 304
    }
    [35mresponseTime[39m: 4
[22:23:18] [32mINFO[39m (12028): [36mrequest completed[39m
    [35mreq[39m: {
      "id": 32,
      "method": "GET",
      "url": "/api/auth/me"
    }
    [35mres[39m: {
      "statusCode": 200
    }
    [35mresponseTime[39m: 2
[22:23:18] [32mINFO[39m (12028): [36mrequest completed[39m
    [35mreq[39m: {
      "id": 33,
      "method": "GET",
      "url": "/api/orders"
    }
    [35mres[39m: {
      "statusCode": 304
    }
    [35mresponseTime[39m: 3
[22:23:21] [32mINFO[39m (12028): [36mrequest completed[39m
    [35mreq[39m: {
      "id": 34,
      "method": "GET",
      "url": "/api/orders/2d00efa2-e3f9-4667-a9d8-e8f819a500b0"
    }
    [35mres[39m: {
      "statusCode": 304
    }
    [35mresponseTime[39m: 3
[22:23:24] [32mINFO[39m (12028): [36mrequest completed[39m
    [35mreq[39m: {
      "id": 35,
      "method": "GET",
      "url": "/api/orders/2d00efa2-e3f9-4667-a9d8-e8f819a500b0"
    }
    [35mres[39m: {
      "statusCode": 304
    }
    [35mresponseTime[39m: 2
[22:23:26] [32mINFO[39m (12028): [36mrequest completed[39m
    [35mreq[39m: {
      "id": 36,
      "method": "GET",
      "url": "/api/orders/2d00efa2-e3f9-4667-a9d8-e8f819a500b0"
    }
    [35mres[39m: {
      "statusCode": 304
    }
    [35mresponseTime[39m: 2
[22:23:29] [32mINFO[39m (12028): [36mrequest completed[39m
    [35mreq[39m: {
      "id": 37,
      "method": "GET",
      "url": "/api/orders/2d00efa2-e3f9-4667-a9d8-e8f819a500b0"
    }
    [35mres[39m: {
      "statusCode": 304
    }
    [35mresponseTime[39m: 2
[22:23:32] [32mINFO[39m (12028): [36mrequest completed[39m
    [35mreq[39m: {
      "id": 38,
      "method": "GET",
      "url": "/api/orders/2d00efa2-e3f9-4667-a9d8-e8f819a500b0"
    }
    [35mres[39m: {
      "statusCode": 304
    }
    [35mresponseTime[39m: 1
[22:23:34] [32mINFO[39m (12028): [36mrequest completed[39m
    [35mreq[39m: {
      "id": 39,
      "method": "GET",
      "url": "/api/orders/2d00efa2-e3f9-4667-a9d8-e8f819a500b0"
    }
    [35mres[39m: {
      "statusCode": 304
    }
    [35mresponseTime[39m: 3
[22:23:37] [32mINFO[39m (12028): [36mrequest completed[39m
    [35mreq[39m: {
      "id": 40,
      "method": "GET",
      "url": "/api/orders/2d00efa2-e3f9-4667-a9d8-e8f819a500b0"
    }
    [35mres[39m: {
      "statusCode": 304
    }
    [35mresponseTime[39m: 7
[22:23:39] [32mINFO[39m (12028): [36mrequest completed[39m
    [35mreq[39m: {
      "id": 41,
      "method": "GET",
      "url": "/api/orders/2d00efa2-e3f9-4667-a9d8-e8f819a500b0"
    }
    [35mres[39m: {
      "statusCode": 304
    }
    [35mresponseTime[39m: 2
[22:23:42] [32mINFO[39m (12028): [36mrequest completed[39m
    [35mreq[39m: {
      "id": 42,
      "method": "GET",
      "url": "/api/orders/2d00efa2-e3f9-4667-a9d8-e8f819a500b0"
    }
    [35mres[39m: {
      "statusCode": 304
    }
    [35mresponseTime[39m: 1
[22:23:45] [32mINFO[39m (12028): [36mrequest completed[39m
    [35mreq[39m: {
      "id": 43,
      "method": "GET",
      "url": "/api/orders/2d00efa2-e3f9-4667-a9d8-e8f819a500b0"
    }
    [35mres[39m: {
      "statusCode": 304
    }
    [35mresponseTime[39m: 3
[22:23:48] [32mINFO[39m (12028): [36mrequest completed[39m
    [35mreq[39m: {
      "id": 44,
      "method": "GET",
      "url": "/api/orders/2d00efa2-e3f9-4667-a9d8-e8f819a500b0"
    }
    [35mres[39m: {
      "statusCode": 304
    }
    [35mresponseTime[39m: 3
[22:23:50] [32mINFO[39m (12028): [36mrequest completed[39m
    [35mreq[39m: {
      "id": 45,
      "method": "GET",
      "url": "/api/orders/2d00efa2-e3f9-4667-a9d8-e8f819a500b0"
    }
    [35mres[39m: {
      "statusCode": 304
    }
    [35mresponseTime[39m: 3
[22:23:53] [32mINFO[39m (12028): [36mrequest completed[39m
    [35mreq[39m: {
      "id": 46,
      "method": "GET",
      "url": "/api/orders/2d00efa2-e3f9-4667-a9d8-e8f819a500b0"
    }
    [35mres[39m: {
      "statusCode": 304
    }
    [35mresponseTime[39m: 4
[22:23:55] [32mINFO[39m (12028): [36mrequest completed[39m
    [35mreq[39m: {
      "id": 47,
      "method": "GET",
      "url": "/api/orders/2d00efa2-e3f9-4667-a9d8-e8f819a500b0"
    }
    [35mres[39m: {
      "statusCode": 304
    }
    [35mresponseTime[39m: 3
[22:23:58] [32mINFO[39m (12028): [36mrequest completed[39m
    [35mreq[39m: {
      "id": 48,
      "method": "GET",
      "url": "/api/orders/2d00efa2-e3f9-4667-a9d8-e8f819a500b0"
    }
    [35mres[39m: {
      "statusCode": 304
    }
    [35mresponseTime[39m: 2
[22:24:01] [32mINFO[39m (12028): [36mrequest completed[39m
    [35mreq[39m: {
      "id": 49,
      "method": "GET",
      "url": "/api/orders/2d00efa2-e3f9-4667-a9d8-e8f819a500b0"
    }
    [35mres[39m: {
      "statusCode": 304
    }
    [35mresponseTime[39m: 2
[22:24:04] [32mINFO[39m (12028): [36mrequest completed[39m
    [35mreq[39m: {
      "id": 50,
      "method": "GET",
      "url": "/api/orders/2d00efa2-e3f9-4667-a9d8-e8f819a500b0"
    }
    [35mres[39m: {
      "statusCode": 304
    }
    [35mresponseTime[39m: 1
[22:24:06] [32mINFO[39m (12028): [36mrequest completed[39m
    [35mreq[39m: {
      "id": 51,
      "method": "GET",
      "url": "/api/orders/2d00efa2-e3f9-4667-a9d8-e8f819a500b0"
    }
    [35mres[39m: {
      "statusCode": 304
    }
    [35mresponseTime[39m: 2
[22:24:09] [32mINFO[39m (12028): [36mrequest completed[39m
    [35mreq[39m: {
      "id": 52,
      "method": "GET",
      "url": "/api/orders/2d00efa2-e3f9-4667-a9d8-e8f819a500b0"
    }
    [35mres[39m: {
      "statusCode": 304
    }
    [35mresponseTime[39m: 2
[22:24:11] [32mINFO[39m (12028): [36mrequest completed[39m
    [35mreq[39m: {
      "id": 53,
      "method": "GET",
      "url": "/api/orders/2d00efa2-e3f9-4667-a9d8-e8f819a500b0"
    }
    [35mres[39m: {
      "statusCode": 304
    }
    [35mresponseTime[39m: 2
[22:24:14] [32mINFO[39m (12028): [36mrequest completed[39m
    [35mreq[39m: {
      "id": 54,
      "method": "GET",
      "url": "/api/orders/2d00efa2-e3f9-4667-a9d8-e8f819a500b0"
    }
    [35mres[39m: {
      "statusCode": 304
    }
    [35mresponseTime[39m: 1
[22:24:17] [32mINFO[39m (12028): [36mrequest completed[39m
    [35mreq[39m: {
      "id": 55,
      "method": "GET",
      "url": "/api/orders/2d00efa2-e3f9-4667-a9d8-e8f819a500b0"
    }
    [35mres[39m: {
      "statusCode": 304
    }
    [35mresponseTime[39m: 13
[22:24:20] [32mINFO[39m (12028): [36mrequest completed[39m
    [35mreq[39m: {
      "id": 56,
      "method": "GET",
      "url": "/api/orders/2d00efa2-e3f9-4667-a9d8-e8f819a500b0"
    }
    [35mres[39m: {
      "statusCode": 304
    }
    [35mresponseTime[39m: 3
[22:24:22] [32mINFO[39m (12028): [36mrequest completed[39m
    [35mreq[39m: {
      "id": 57,
      "method": "GET",
      "url": "/api/orders/2d00efa2-e3f9-4667-a9d8-e8f819a500b0"
    }
    [35mres[39m: {
      "statusCode": 304
    }
    [35mresponseTime[39m: 2
[22:24:25] [32mINFO[39m (12028): [36mrequest completed[39m
    [35mreq[39m: {
      "id": 58,
      "method": "GET",
      "url": "/api/orders/2d00efa2-e3f9-4667-a9d8-e8f819a500b0"
    }
    [35mres[39m: {
      "statusCode": 304
    }
    [35mresponseTime[39m: 2
[22:24:27] [32mINFO[39m (12028): [36mrequest completed[39m
    [35mreq[39m: {
      "id": 59,
      "method": "GET",
      "url": "/api/orders/2d00efa2-e3f9-4667-a9d8-e8f819a500b0"
    }
    [35mres[39m: {
      "statusCode": 304
    }
    [35mresponseTime[39m: 2
[22:24:30] [32mINFO[39m (12028): [36mrequest completed[39m
    [35mreq[39m: {
      "id": 60,
      "method": "GET",
      "url": "/api/orders/2d00efa2-e3f9-4667-a9d8-e8f819a500b0"
    }
    [35mres[39m: {
      "statusCode": 304
    }
    [35mresponseTime[39m: 2
[22:24:33] [32mINFO[39m (12028): [36mrequest completed[39m
    [35mreq[39m: {
      "id": 61,
      "method": "GET",
      "url": "/api/orders/2d00efa2-e3f9-4667-a9d8-e8f819a500b0"
    }
    [35mres[39m: {
      "statusCode": 304
    }
    [35mresponseTime[39m: 1
[22:24:36] [32mINFO[39m (12028): [36mrequest completed[39m
    [35mreq[39m: {
      "id": 62,
      "method": "GET",
      "url": "/api/orders/2d00efa2-e3f9-4667-a9d8-e8f819a500b0"
    }
    [35mres[39m: {
      "statusCode": 304
    }
    [35mresponseTime[39m: 2
[22:24:38] [32mINFO[39m (12028): [36mrequest completed[39m
    [35mreq[39m: {
      "id": 63,
      "method": "GET",
      "url": "/api/orders/2d00efa2-e3f9-4667-a9d8-e8f819a500b0"
    }
    [35mres[39m: {
      "statusCode": 304
    }
    [35mresponseTime[39m: 12
[22:24:41] [32mINFO[39m (12028): [36mrequest completed[39m
    [35mreq[39m: {
      "id": 64,
      "method": "GET",
      "url": "/api/orders/2d00efa2-e3f9-4667-a9d8-e8f819a500b0"
    }
    [35mres[39m: {
      "statusCode": 304
    }
    [35mresponseTime[39m: 1
[22:24:43] [32mINFO[39m (12028): [36mrequest completed[39m
    [35mreq[39m: {
      "id": 65,
      "method": "GET",
      "url": "/api/orders/2d00efa2-e3f9-4667-a9d8-e8f819a500b0"
    }
    [35mres[39m: {
      "statusCode": 304
    }
    [35mresponseTime[39m: 2
[22:24:46] [32mINFO[39m (12028): [36mrequest completed[39m
    [35mreq[39m: {
      "id": 66,
      "method": "GET",
      "url": "/api/orders/2d00efa2-e3f9-4667-a9d8-e8f819a500b0"
    }
    [35mres[39m: {
      "statusCode": 304
    }
    [35mresponseTime[39m: 2
[22:24:49] [32mINFO[39m (12028): [36mrequest completed[39m
    [35mreq[39m: {
      "id": 67,
      "method": "GET",
      "url": "/api/orders/2d00efa2-e3f9-4667-a9d8-e8f819a500b0"
    }
    [35mres[39m: {
      "statusCode": 304
    }
    [35mresponseTime[39m: 4
[22:24:52] [32mINFO[39m (12028): [36mrequest completed[39m
    [35mreq[39m: {
      "id": 68,
      "method": "GET",
      "url": "/api/orders/2d00efa2-e3f9-4667-a9d8-e8f819a500b0"
    }
    [35mres[39m: {
      "statusCode": 304
    }
    [35mresponseTime[39m: 2
[22:24:54] [32mINFO[39m (12028): [36mrequest completed[39m
    [35mreq[39m: {
      "id": 69,
      "method": "GET",
      "url": "/api/orders/2d00efa2-e3f9-4667-a9d8-e8f819a500b0"
    }
    [35mres[39m: {
      "statusCode": 304
    }
    [35mresponseTime[39m: 4
[22:24:57] [32mINFO[39m (12028): [36mrequest completed[39m
    [35mreq[39m: {
      "id": 70,
      "method": "GET",
      "url": "/api/orders/2d00efa2-e3f9-4667-a9d8-e8f819a500b0"
    }
    [35mres[39m: {
      "statusCode": 304
    }
    [35mresponseTime[39m: 3
[22:24:59] [32mINFO[39m (12028): [36mrequest completed[39m
    [35mreq[39m: {
      "id": 71,
      "method": "GET",
      "url": "/api/orders/2d00efa2-e3f9-4667-a9d8-e8f819a500b0"
    }
    [35mres[39m: {
      "statusCode": 304
    }
    [35mresponseTime[39m: 3
[22:25:02] [32mINFO[39m (12028): [36mrequest completed[39m
    [35mreq[39m: {
      "id": 72,
      "method": "GET",
      "url": "/api/orders/2d00efa2-e3f9-4667-a9d8-e8f819a500b0"
    }
    [35mres[39m: {
      "statusCode": 304
    }
    [35mresponseTime[39m: 2
[22:25:05] [32mINFO[39m (12028): [36mrequest completed[39m
    [35mreq[39m: {
      "id": 73,
      "method": "GET",
      "url": "/api/orders/2d00efa2-e3f9-4667-a9d8-e8f819a500b0"
    }
    [35mres[39m: {
      "statusCode": 304
    }
    [35mresponseTime[39m: 2
[22:25:07] [32mINFO[39m (12028): [36mrequest completed[39m
    [35mreq[39m: {
      "id": 74,
      "method": "GET",
      "url": "/api/orders/2d00efa2-e3f9-4667-a9d8-e8f819a500b0"
    }
    [35mres[39m: {
      "statusCode": 304
    }
    [35mresponseTime[39m: 2
[22:25:10] [32mINFO[39m (12028): [36mrequest completed[39m
    [35mreq[39m: {
      "id": 75,
      "method": "GET",
      "url": "/api/orders/2d00efa2-e3f9-4667-a9d8-e8f819a500b0"
    }
    [35mres[39m: {
      "statusCode": 304
    }
    [35mresponseTime[39m: 1
[22:25:13] [32mINFO[39m (12028): [36mrequest completed[39m
    [35mreq[39m: {
      "id": 76,
      "method": "GET",
      "url": "/api/orders/2d00efa2-e3f9-4667-a9d8-e8f819a500b0"
    }
    [35mres[39m: {
      "statusCode": 304
    }
    [35mresponseTime[39m: 3
[22:25:15] [32mINFO[39m (12028): [36mrequest completed[39m
    [35mreq[39m: {
      "id": 77,
      "method": "GET",
      "url": "/api/orders/2d00efa2-e3f9-4667-a9d8-e8f819a500b0"
    }
    [35mres[39m: {
      "statusCode": 304
    }
    [35mresponseTime[39m: 3
[22:25:18] [32mINFO[39m (12028): [36mrequest completed[39m
    [35mreq[39m: {
      "id": 78,
      "method": "GET",
      "url": "/api/orders/2d00efa2-e3f9-4667-a9d8-e8f819a500b0"
    }
    [35mres[39m: {
      "statusCode": 304
    }
    [35mresponseTime[39m: 4
[22:25:21] [32mINFO[39m (12028): [36mrequest completed[39m
    [35mreq[39m: {
      "id": 79,
      "method": "GET",
      "url": "/api/orders/2d00efa2-e3f9-4667-a9d8-e8f819a500b0"
    }
    [35mres[39m: {
      "statusCode": 304
    }
    [35mresponseTime[39m: 3
[22:25:23] [32mINFO[39m (12028): [36mrequest completed[39m
    [35mreq[39m: {
      "id": 80,
      "method": "GET",
      "url": "/api/orders/2d00efa2-e3f9-4667-a9d8-e8f819a500b0"
    }
    [35mres[39m: {
      "statusCode": 304
    }
    [35mresponseTime[39m: 2
[22:25:26] [32mINFO[39m (12028): [36mrequest completed[39m
    [35mreq[39m: {
      "id": 81,
      "method": "GET",
      "url": "/api/orders/2d00efa2-e3f9-4667-a9d8-e8f819a500b0"
    }
    [35mres[39m: {
      "statusCode": 304
    }
    [35mresponseTime[39m: 3
[22:25:29] [32mINFO[39m (12028): [36mrequest completed[39m
    [35mreq[39m: {
      "id": 82,
      "method": "GET",
      "url": "/api/orders/2d00efa2-e3f9-4667-a9d8-e8f819a500b0"
    }
    [35mres[39m: {
      "statusCode": 304
    }
    [35mresponseTime[39m: 3
[22:25:31] [32mINFO[39m (12028): [36mrequest completed[39m
    [35mreq[39m: {
      "id": 83,
      "method": "GET",
      "url": "/api/orders/2d00efa2-e3f9-4667-a9d8-e8f819a500b0"
    }
    [35mres[39m: {
      "statusCode": 304
    }
    [35mresponseTime[39m: 1
[22:25:34] [32mINFO[39m (12028): [36mrequest completed[39m
    [35mreq[39m: {
      "id": 84,
      "method": "GET",
      "url": "/api/orders/2d00efa2-e3f9-4667-a9d8-e8f819a500b0"
    }
    [35mres[39m: {
      "statusCode": 304
    }
    [35mresponseTime[39m: 1
[22:25:37] [32mINFO[39m (12028): [36mrequest completed[39m
    [35mreq[39m: {
      "id": 85,
      "method": "GET",
      "url": "/api/orders/2d00efa2-e3f9-4667-a9d8-e8f819a500b0"
    }
    [35mres[39m: {
      "statusCode": 304
    }
    [35mresponseTime[39m: 1
[22:25:39] [32mINFO[39m (12028): [36mrequest completed[39m
    [35mreq[39m: {
      "id": 86,
      "method": "GET",
      "url": "/api/orders/2d00efa2-e3f9-4667-a9d8-e8f819a500b0"
    }
    [35mres[39m: {
      "statusCode": 304
    }
    [35mresponseTime[39m: 1
[22:25:42] [32mINFO[39m (12028): [36mrequest completed[39m
    [35mreq[39m: {
      "id": 87,
      "method": "GET",
      "url": "/api/orders/2d00efa2-e3f9-4667-a9d8-e8f819a500b0"
    }
    [35mres[39m: {
      "statusCode": 304
    }
    [35mresponseTime[39m: 12
[22:25:45] [32mINFO[39m (12028): [36mrequest completed[39m
    [35mreq[39m: {
      "id": 88,
      "method": "GET",
      "url": "/api/orders/2d00efa2-e3f9-4667-a9d8-e8f819a500b0"
    }
    [35mres[39m: {
      "statusCode": 304
    }
    [35mresponseTime[39m: 2
[22:25:47] [32mINFO[39m (12028): [36mrequest completed[39m
    [35mreq[39m: {
      "id": 89,
      "method": "GET",
      "url": "/api/orders/2d00efa2-e3f9-4667-a9d8-e8f819a500b0"
    }
    [35mres[39m: {
      "statusCode": 304
    }
    [35mresponseTime[39m: 2
[22:25:50] [32mINFO[39m (12028): [36mrequest completed[39m
    [35mreq[39m: {
      "id": 90,
      "method": "GET",
      "url": "/api/orders/2d00efa2-e3f9-4667-a9d8-e8f819a500b0"
    }
    [35mres[39m: {
      "statusCode": 304
    }
    [35mresponseTime[39m: 2
[22:25:53] [32mINFO[39m (12028): [36mrequest completed[39m
    [35mreq[39m: {
      "id": 91,
      "method": "GET",
      "url": "/api/orders/2d00efa2-e3f9-4667-a9d8-e8f819a500b0"
    }
    [35mres[39m: {
      "statusCode": 304
    }
    [35mresponseTime[39m: 3
[22:25:55] [32mINFO[39m (12028): [36mrequest completed[39m
    [35mreq[39m: {
      "id": 92,
      "method": "GET",
      "url": "/api/orders/2d00efa2-e3f9-4667-a9d8-e8f819a500b0"
    }
    [35mres[39m: {
      "statusCode": 304
    }
    [35mresponseTime[39m: 3
[22:25:58] [32mINFO[39m (12028): [36mrequest completed[39m
    [35mreq[39m: {
      "id": 93,
      "method": "GET",
      "url": "/api/orders/2d00efa2-e3f9-4667-a9d8-e8f819a500b0"
    }
    [35mres[39m: {
      "statusCode": 304
    }
    [35mresponseTime[39m: 2
[22:26:01] [32mINFO[39m (12028): [36mrequest completed[39m
    [35mreq[39m: {
      "id": 94,
      "method": "GET",
      "url": "/api/orders/2d00efa2-e3f9-4667-a9d8-e8f819a500b0"
    }
    [35mres[39m: {
      "statusCode": 304
    }
    [35mresponseTime[39m: 3
[22:26:03] [32mINFO[39m (12028): [36mrequest completed[39m
    [35mreq[39m: {
      "id": 95,
      "method": "GET",
      "url": "/api/orders/2d00efa2-e3f9-4667-a9d8-e8f819a500b0"
    }
    [35mres[39m: {
      "statusCode": 304
    }
    [35mresponseTime[39m: 7
[22:26:06] [32mINFO[39m (12028): [36mrequest completed[39m
    [35mreq[39m: {
      "id": 96,
      "method": "GET",
      "url": "/api/orders/2d00efa2-e3f9-4667-a9d8-e8f819a500b0"
    }
    [35mres[39m: {
      "statusCode": 304
    }
    [35mresponseTime[39m: 1
[22:26:09] [32mINFO[39m (12028): [36mrequest completed[39m
    [35mreq[39m: {
      "id": 97,
      "method": "GET",
      "url": "/api/orders/2d00efa2-e3f9-4667-a9d8-e8f819a500b0"
    }
    [35mres[39m: {
      "statusCode": 304
    }
    [35mresponseTime[39m: 1
[22:26:11] [32mINFO[39m (12028): [36mrequest completed[39m
    [35mreq[39m: {
      "id": 98,
      "method": "GET",
      "url": "/api/orders/2d00efa2-e3f9-4667-a9d8-e8f819a500b0"
    }
    [35mres[39m: {
      "statusCode": 304
    }
    [35mresponseTime[39m: 2
[22:26:14] [32mINFO[39m (12028): [36mrequest completed[39m
    [35mreq[39m: {
      "id": 99,
      "method": "GET",
      "url": "/api/orders/2d00efa2-e3f9-4667-a9d8-e8f819a500b0"
    }
    [35mres[39m: {
      "statusCode": 304
    }
    [35mresponseTime[39m: 3
[22:26:17] [32mINFO[39m (12028): [36mrequest completed[39m
    [35mreq[39m: {
      "id": 100,
      "method": "GET",
      "url": "/api/orders/2d00efa2-e3f9-4667-a9d8-e8f819a500b0"
    }
    [35mres[39m: {
      "statusCode": 304
    }
    [35mresponseTime[39m: 9
[22:26:19] [32mINFO[39m (12028): [36mrequest completed[39m
    [35mreq[39m: {
      "id": 101,
      "method": "GET",
      "url": "/api/orders/2d00efa2-e3f9-4667-a9d8-e8f819a500b0"
    }
    [35mres[39m: {
      "statusCode": 304
    }
    [35mresponseTime[39m: 2
[22:26:22] [32mINFO[39m (12028): [36mrequest completed[39m
    [35mreq[39m: {
      "id": 102,
      "method": "GET",
      "url": "/api/orders/2d00efa2-e3f9-4667-a9d8-e8f819a500b0"
    }
    [35mres[39m: {
      "statusCode": 304
    }
    [35mresponseTime[39m: 2
[22:26:25] [32mINFO[39m (12028): [36mrequest completed[39m
    [35mreq[39m: {
      "id": 103,
      "method": "GET",
      "url": "/api/orders/2d00efa2-e3f9-4667-a9d8-e8f819a500b0"
    }
    [35mres[39m: {
      "statusCode": 304
    }
    [35mresponseTime[39m: 5
[22:26:27] [32mINFO[39m (12028): [36mrequest completed[39m
    [35mreq[39m: {
      "id": 104,
      "method": "GET",
      "url": "/api/orders/2d00efa2-e3f9-4667-a9d8-e8f819a500b0"
    }
    [35mres[39m: {
      "statusCode": 304
    }
    [35mresponseTime[39m: 4
[22:26:30] [32mINFO[39m (12028): [36mrequest completed[39m
    [35mreq[39m: {
      "id": 105,
      "method": "GET",
      "url": "/api/orders/2d00efa2-e3f9-4667-a9d8-e8f819a500b0"
    }
    [35mres[39m: {
      "statusCode": 304
    }
    [35mresponseTime[39m: 2
[22:26:33] [32mINFO[39m (12028): [36mrequest completed[39m
    [35mreq[39m: {
      "id": 106,
      "method": "GET",
      "url": "/api/orders/2d00efa2-e3f9-4667-a9d8-e8f819a500b0"
    }
    [35mres[39m: {
      "statusCode": 304
    }
    [35mresponseTime[39m: 2
[22:26:35] [32mINFO[39m (12028): [36mrequest completed[39m
    [35mreq[39m: {
      "id": 107,
      "method": "GET",
      "url": "/api/orders/2d00efa2-e3f9-4667-a9d8-e8f819a500b0"
    }
    [35mres[39m: {
      "statusCode": 304
    }
    [35mresponseTime[39m: 1
[22:26:38] [32mINFO[39m (12028): [36mrequest completed[39m
    [35mreq[39m: {
      "id": 108,
      "method": "GET",
      "url": "/api/orders/2d00efa2-e3f9-4667-a9d8-e8f819a500b0"
    }
    [35mres[39m: {
      "statusCode": 304
    }
    [35mresponseTime[39m: 2
[22:26:41] [32mINFO[39m (12028): [36mrequest completed[39m
    [35mreq[39m: {
      "id": 109,
      "method": "GET",
      "url": "/api/orders/2d00efa2-e3f9-4667-a9d8-e8f819a500b0"
    }
    [35mres[39m: {
      "statusCode": 304
    }
    [35mresponseTime[39m: 2
[22:26:43] [32mINFO[39m (12028): [36mrequest completed[39m
    [35mreq[39m: {
      "id": 110,
      "method": "GET",
      "url": "/api/orders/2d00efa2-e3f9-4667-a9d8-e8f819a500b0"
    }
    [35mres[39m: {
      "statusCode": 304
    }
    [35mresponseTime[39m: 2
[22:26:46] [32mINFO[39m (12028): [36mrequest completed[39m
    [35mreq[39m: {
      "id": 111,
      "method": "GET",
      "url": "/api/orders/2d00efa2-e3f9-4667-a9d8-e8f819a500b0"
    }
    [35mres[39m: {
      "statusCode": 304
    }
    [35mresponseTime[39m: 2
[22:26:49] [32mINFO[39m (12028): [36mrequest completed[39m
    [35mreq[39m: {
      "id": 112,
      "method": "GET",
      "url": "/api/orders/2d00efa2-e3f9-4667-a9d8-e8f819a500b0"
    }
    [35mres[39m: {
      "statusCode": 304
    }
    [35mresponseTime[39m: 2
[22:26:51] [32mINFO[39m (12028): [36mrequest completed[39m
    [35mreq[39m: {
      "id": 113,
      "method": "GET",
      "url": "/api/orders/2d00efa2-e3f9-4667-a9d8-e8f819a500b0"
    }
    [35mres[39m: {
      "statusCode": 304
    }
    [35mresponseTime[39m: 3
[22:26:54] [32mINFO[39m (12028): [36mrequest completed[39m
    [35mreq[39m: {
      "id": 114,
      "method": "GET",
      "url": "/api/orders/2d00efa2-e3f9-4667-a9d8-e8f819a500b0"
    }
    [35mres[39m: {
      "statusCode": 304
    }
    [35mresponseTime[39m: 3
[22:26:57] [32mINFO[39m (12028): [36mrequest completed[39m
    [35mreq[39m: {
      "id": 115,
      "method": "GET",
      "url": "/api/orders/2d00efa2-e3f9-4667-a9d8-e8f819a500b0"
    }
    [35mres[39m: {
      "statusCode": 304
    }
    [35mresponseTime[39m: 3
[22:26:59] [32mINFO[39m (12028): [36mrequest completed[39m
    [35mreq[39m: {
      "id": 116,
      "method": "GET",
      "url": "/api/orders/2d00efa2-e3f9-4667-a9d8-e8f819a500b0"
    }
    [35mres[39m: {
      "statusCode": 304
    }
    [35mresponseTime[39m: 4
[22:27:02] [32mINFO[39m (12028): [36mrequest completed[39m
    [35mreq[39m: {
      "id": 117,
      "method": "GET",
      "url": "/api/orders/2d00efa2-e3f9-4667-a9d8-e8f819a500b0"
    }
    [35mres[39m: {
      "statusCode": 304
    }
    [35mresponseTime[39m: 3
[22:27:05] [32mINFO[39m (12028): [36mrequest completed[39m
    [35mreq[39m: {
      "id": 118,
      "method": "GET",
      "url": "/api/orders/2d00efa2-e3f9-4667-a9d8-e8f819a500b0"
    }
    [35mres[39m: {
      "statusCode": 304
    }
    [35mresponseTime[39m: 2
[22:27:07] [32mINFO[39m (12028): [36mrequest completed[39m
    [35mreq[39m: {
      "id": 119,
      "method": "GET",
      "url": "/api/orders/2d00efa2-e3f9-4667-a9d8-e8f819a500b0"
    }
    [35mres[39m: {
      "statusCode": 304
    }
    [35mresponseTime[39m: 2
[22:27:10] [32mINFO[39m (12028): [36mrequest completed[39m
    [35mreq[39m: {
      "id": 120,
      "method": "GET",
      "url": "/api/orders/2d00efa2-e3f9-4667-a9d8-e8f819a500b0"
    }
    [35mres[39m: {
      "statusCode": 304
    }
    [35mresponseTime[39m: 2
[22:27:13] [32mINFO[39m (12028): [36mrequest completed[39m
    [35mreq[39m: {
      "id": 121,
      "method": "GET",
      "url": "/api/orders/2d00efa2-e3f9-4667-a9d8-e8f819a500b0"
    }
    [35mres[39m: {
      "statusCode": 304
    }
    [35mresponseTime[39m: 3
[22:27:15] [32mINFO[39m (12028): [36mrequest completed[39m
    [35mreq[39m: {
      "id": 122,
      "method": "GET",
      "url": "/api/orders/2d00efa2-e3f9-4667-a9d8-e8f819a500b0"
    }
    [35mres[39m: {
      "statusCode": 304
    }
    [35mresponseTime[39m: 1
[22:27:18] [32mINFO[39m (12028): [36mrequest completed[39m
    [35mreq[39m: {
      "id": 123,
      "method": "GET",
      "url": "/api/orders/2d00efa2-e3f9-4667-a9d8-e8f819a500b0"
    }
    [35mres[39m: {
      "statusCode": 304
    }
    [35mresponseTime[39m: 2
[22:27:21] [32mINFO[39m (12028): [36mrequest completed[39m
    [35mreq[39m: {
      "id": 124,
      "method": "GET",
      "url": "/api/orders/2d00efa2-e3f9-4667-a9d8-e8f819a500b0"
    }
    [35mres[39m: {
      "statusCode": 304
    }
    [35mresponseTime[39m: 3
[22:27:23] [32mINFO[39m (12028): [36mrequest completed[39m
    [35mreq[39m: {
      "id": 125,
      "method": "GET",
      "url": "/api/orders/2d00efa2-e3f9-4667-a9d8-e8f819a500b0"
    }
    [35mres[39m: {
      "statusCode": 304
    }
    [35mresponseTime[39m: 2
[22:27:26] [32mINFO[39m (12028): [36mrequest completed[39m
    [35mreq[39m: {
      "id": 126,
      "method": "GET",
      "url": "/api/orders/2d00efa2-e3f9-4667-a9d8-e8f819a500b0"
    }
    [35mres[39m: {
      "statusCode": 304
    }
    [35mresponseTime[39m: 3
[22:27:29] [32mINFO[39m (12028): [36mrequest completed[39m
    [35mreq[39m: {
      "id": 127,
      "method": "GET",
      "url": "/api/orders/2d00efa2-e3f9-4667-a9d8-e8f819a500b0"
    }
    [35mres[39m: {
      "statusCode": 304
    }
    [35mresponseTime[39m: 2
[22:27:31] [32mINFO[39m (12028): [36mrequest completed[39m
    [35mreq[39m: {
      "id": 128,
      "method": "GET",
      "url": "/api/orders/2d00efa2-e3f9-4667-a9d8-e8f819a500b0"
    }
    [35mres[39m: {
      "statusCode": 304
    }
    [35mresponseTime[39m: 2
[22:27:34] [32mINFO[39m (12028): [36mrequest completed[39m
    [35mreq[39m: {
      "id": 129,
      "method": "GET",
      "url": "/api/orders/2d00efa2-e3f9-4667-a9d8-e8f819a500b0"
    }
    [35mres[39m: {
      "statusCode": 304
    }
    [35mresponseTime[39m: 3
[22:27:37] [32mINFO[39m (12028): [36mrequest completed[39m
    [35mreq[39m: {
      "id": 130,
      "method": "GET",
      "url": "/api/orders/2d00efa2-e3f9-4667-a9d8-e8f819a500b0"
    }
    [35mres[39m: {
      "statusCode": 304
    }
    [35mresponseTime[39m: 2
[22:27:39] [32mINFO[39m (12028): [36mrequest completed[39m
    [35mreq[39m: {
      "id": 131,
      "method": "GET",
      "url": "/api/orders/2d00efa2-e3f9-4667-a9d8-e8f819a500b0"
    }
    [35mres[39m: {
      "statusCode": 304
    }
    [35mresponseTime[39m: 1
[22:27:42] [32mINFO[39m (12028): [36mrequest completed[39m
    [35mreq[39m: {
      "id": 132,
      "method": "GET",
      "url": "/api/orders/2d00efa2-e3f9-4667-a9d8-e8f819a500b0"
    }
    [35mres[39m: {
      "statusCode": 304
    }
    [35mresponseTime[39m: 3
[22:27:45] [32mINFO[39m (12028): [36mrequest completed[39m
    [35mreq[39m: {
      "id": 133,
      "method": "GET",
      "url": "/api/orders/2d00efa2-e3f9-4667-a9d8-e8f819a500b0"
    }
    [35mres[39m: {
      "statusCode": 304
    }
    [35mresponseTime[39m: 1
[22:27:47] [32mINFO[39m (12028): [36mrequest completed[39m
    [35mreq[39m: {
      "id": 134,
      "method": "GET",
      "url": "/api/orders/2d00efa2-e3f9-4667-a9d8-e8f819a500b0"
    }
    [35mres[39m: {
      "statusCode": 304
    }
    [35mresponseTime[39m: 2
[22:27:50] [32mINFO[39m (12028): [36mrequest completed[39m
    [35mreq[39m: {
      "id": 135,
      "method": "GET",
      "url": "/api/orders/2d00efa2-e3f9-4667-a9d8-e8f819a500b0"
    }
    [35mres[39m: {
      "statusCode": 304
    }
    [35mresponseTime[39m: 2
[22:27:53] [32mINFO[39m (12028): [36mrequest completed[39m
    [35mreq[39m: {
      "id": 136,
      "method": "GET",
      "url": "/api/orders/2d00efa2-e3f9-4667-a9d8-e8f819a500b0"
    }
    [35mres[39m: {
      "statusCode": 304
    }
    [35mresponseTime[39m: 3
[22:27:55] [32mINFO[39m (12028): [36mrequest completed[39m
    [35mreq[39m: {
      "id": 137,
      "method": "GET",
      "url": "/api/orders/2d00efa2-e3f9-4667-a9d8-e8f819a500b0"
    }
    [35mres[39m: {
      "statusCode": 304
    }
    [35mresponseTime[39m: 2
[22:27:58] [32mINFO[39m (12028): [36mrequest completed[39m
    [35mreq[39m: {
      "id": 138,
      "method": "GET",
      "url": "/api/orders/2d00efa2-e3f9-4667-a9d8-e8f819a500b0"
    }
    [35mres[39m: {
      "statusCode": 304
    }
    [35mresponseTime[39m: 2
[22:28:01] [32mINFO[39m (12028): [36mrequest completed[39m
    [35mreq[39m: {
      "id": 139,
      "method": "GET",
      "url": "/api/orders/2d00efa2-e3f9-4667-a9d8-e8f819a500b0"
    }
    [35mres[39m: {
      "statusCode": 304
    }
    [35mresponseTime[39m: 3
[22:28:03] [32mINFO[39m (12028): [36mrequest completed[39m
    [35mreq[39m: {
      "id": 140,
      "method": "GET",
      "url": "/api/orders/2d00efa2-e3f9-4667-a9d8-e8f819a500b0"
    }
    [35mres[39m: {
      "statusCode": 304
    }
    [35mresponseTime[39m: 3
[22:28:06] [32mINFO[39m (12028): [36mrequest completed[39m
    [35mreq[39m: {
      "id": 141,
      "method": "GET",
      "url": "/api/orders/2d00efa2-e3f9-4667-a9d8-e8f819a500b0"
    }
    [35mres[39m: {
      "statusCode": 304
    }
    [35mresponseTime[39m: 1
[22:28:09] [32mINFO[39m (12028): [36mrequest completed[39m
    [35mreq[39m: {
      "id": 142,
      "method": "GET",
      "url": "/api/orders/2d00efa2-e3f9-4667-a9d8-e8f819a500b0"
    }
    [35mres[39m: {
      "statusCode": 304
    }
    [35mresponseTime[39m: 2
[cron:expire] expired 1 orders
[22:32:37] [32mINFO[39m (12028): [36mrequest completed[39m
    [35mreq[39m: {
      "id": 143,
      "method": "GET",
      "url": "/api/orders/2d00efa2-e3f9-4667-a9d8-e8f819a500b0"
    }
    [35mres[39m: {
      "statusCode": 304
    }
    [35mresponseTime[39m: 21
[cron:expire] expired 1 orders
[cron:expire] expired 1 orders
[22:38:30] [32mINFO[39m (12028): [36mrequest completed[39m
    [35mreq[39m: {
      "id": 144,
      "method": "GET",
      "url": "/api/orders/2d00efa2-e3f9-4667-a9d8-e8f819a500b0"
    }
    [35mres[39m: {
      "statusCode": 200
    }
    [35mresponseTime[39m: 3
[22:38:33] [32mINFO[39m (12028): [36mrequest completed[39m
    [35mreq[39m: {
      "id": 145,
      "method": "GET",
      "url": "/api/orders"
    }
    [35mres[39m: {
      "statusCode": 200
    }
    [35mresponseTime[39m: 4
[22:38:41] [32mINFO[39m (12028): [36mrequest completed[39m
    [35mreq[39m: {
      "id": 146,
      "method": "POST",
      "url": "/api/orders"
    }
    [35mres[39m: {
      "statusCode": 201
    }
    [35mresponseTime[39m: 1347
[22:38:41] [32mINFO[39m (12028): [36mrequest completed[39m
    [35mreq[39m: {
      "id": 147,
      "method": "GET",
      "url": "/api/orders"
    }
    [35mres[39m: {
      "statusCode": 200
    }
    [35mresponseTime[39m: 2
[22:38:44] [32mINFO[39m (12028): [36mrequest completed[39m
    [35mreq[39m: {
      "id": 148,
      "method": "GET",
      "url": "/api/orders/bea63e41-ab1d-49be-aee2-640973fda9a6"
    }
    [35mres[39m: {
      "statusCode": 200
    }
    [35mresponseTime[39m: 3
[22:38:47] [32mINFO[39m (12028): [36mrequest completed[39m
    [35mreq[39m: {
      "id": 149,
      "method": "GET",
      "url": "/api/orders/bea63e41-ab1d-49be-aee2-640973fda9a6"
    }
    [35mres[39m: {
      "statusCode": 304
    }
    [35mresponseTime[39m: 2
[22:38:49] [32mINFO[39m (12028): [36mrequest completed[39m
    [35mreq[39m: {
      "id": 150,
      "method": "GET",
      "url": "/api/orders/bea63e41-ab1d-49be-aee2-640973fda9a6"
    }
    [35mres[39m: {
      "statusCode": 304
    }
    [35mresponseTime[39m: 1
[22:38:52] [32mINFO[39m (12028): [36mrequest completed[39m
    [35mreq[39m: {
      "id": 151,
      "method": "GET",
      "url": "/api/orders/bea63e41-ab1d-49be-aee2-640973fda9a6"
    }
    [35mres[39m: {
      "statusCode": 304
    }
    [35mresponseTime[39m: 1
[22:44:18] [32mINFO[39m (12028): [36mrequest completed[39m
    [35mreq[39m: {
      "id": 152,
      "method": "GET",
      "url": "/api/orders/bea63e41-ab1d-49be-aee2-640973fda9a6"
    }
    [35mres[39m: {
      "statusCode": 304
    }
    [35mresponseTime[39m: 3
[22:46:47] [32mINFO[39m (12028): [36mrequest completed[39m
    [35mreq[39m: {
      "id": 153,
      "method": "GET",
      "url": "/api/orders/bea63e41-ab1d-49be-aee2-640973fda9a6"
    }
    [35mres[39m: {
      "statusCode": 304
    }
    [35mresponseTime[39m: 3
[22:46:48] [32mINFO[39m (12028): [36mrequest completed[39m
    [35mreq[39m: {
      "id": 154,
      "method": "GET",
      "url": "/api/orders"
    }
    [35mres[39m: {
      "statusCode": 304
    }
    [35mresponseTime[39m: 2
[22:46:51] [32mINFO[39m (12028): [36mrequest completed[39m
    [35mreq[39m: {
      "id": 155,
      "method": "GET",
      "url": "/api/auth/me"
    }
    [35mres[39m: {
      "statusCode": 200
    }
    [35mresponseTime[39m: 3
[22:46:51] [32mINFO[39m (12028): [36mrequest completed[39m
    [35mreq[39m: {
      "id": 156,
      "method": "GET",
      "url": "/api/orders"
    }
    [35mres[39m: {
      "statusCode": 304
    }
    [35mresponseTime[39m: 4
[22:46:58] [32mINFO[39m (12028): [36mrequest completed[39m
    [35mreq[39m: {
      "id": 157,
      "method": "POST",
      "url": "/api/orders"
    }
    [35mres[39m: {
      "statusCode": 201
    }
    [35mresponseTime[39m: 1331
[22:46:58] [32mINFO[39m (12028): [36mrequest completed[39m
    [35mreq[39m: {
      "id": 158,
      "method": "GET",
      "url": "/api/orders"
    }
    [35mres[39m: {
      "statusCode": 200
    }
    [35mresponseTime[39m: 4
[22:47:00] [32mINFO[39m (12028): [36mrequest completed[39m
    [35mreq[39m: {
      "id": 159,
      "method": "GET",
      "url": "/api/orders/87846067-e547-4b00-b17e-ee5168775e64"
    }
    [35mres[39m: {
      "statusCode": 200
    }
    [35mresponseTime[39m: 3
[22:47:03] [32mINFO[39m (12028): [36mrequest completed[39m
    [35mreq[39m: {
      "id": 160,
      "method": "GET",
      "url": "/api/orders/87846067-e547-4b00-b17e-ee5168775e64"
    }
    [35mres[39m: {
      "statusCode": 304
    }
    [35mresponseTime[39m: 2
